{"level":"info","message":"Sunucu 1111 portunda çalışıyor http://localhost:1111"}
{"level":"info","message":"Sunucu 1111 portunda çalışıyor http://localhost:1111"}
{"level":"info","message":"Sunucu 1111 portunda çalışıyor http://localhost:1111"}
{"level":"info","message":"Sunucu 1111 portunda çalışıyor http://localhost:1111"}
{"level":"info","message":"Sunucu 1111 portunda çalışıyor http://localhost:1111"}
{"level":"info","message":"Sunucu 1111 portunda çalışıyor http://localhost:1111"}
{"level":"info","message":"Sunucu 1111 portunda çalışıyor http://localhost:1111"}
{"level":"info","message":"Sunucu 1111 portunda çalışıyor http://localhost:1111"}
{"level":"info","message":"Sunucu 1111 portunda çalışıyor http://localhost:1111"}
{"level":"info","message":"Sunucu 1111 portunda çalışıyor http://localhost:1111"}
{"level":"info","message":"Sunucu 1111 portunda çalışıyor http://localhost:1111"}
{"level":"info","message":"Sunucu 1111 portunda çalışıyor http://localhost:1111"}
{"level":"info","message":"Sunucu 1111 portunda çalışıyor http://localhost:1111"}
{"level":"info","message":"Sunucu 1111 portunda çalışıyor http://localhost:1111"}
{"level":"info","message":"Sunucu 1111 portunda çalışıyor http://localhost:1111"}
{"level":"info","message":"Sunucu 1111 portunda çalışıyor http://localhost:1111"}
{"level":"info","message":"Sunucu 1111 portunda çalışıyor http://localhost:1111"}
{"level":"info","message":"Sunucu 1111 portunda çalışıyor http://localhost:1111"}
{"level":"info","message":"Sunucu 1111 portunda çalışıyor http://localhost:1111"}
{"level":"info","message":"Sunucu 1111 portunda çalışıyor http://localhost:1111"}
{"level":"info","message":"Sunucu 1111 portunda çalışıyor http://localhost:1111"}
{"level":"info","message":"Sunucu 1111 portunda çalışıyor http://localhost:1111"}
{"level":"info","message":"Sunucu 1111 portunda çalışıyor http://localhost:1111"}
{"level":"info","message":"Sunucu 1111 portunda çalışıyor http://localhost:1111"}
{"level":"info","message":"Sunucu 1111 portunda çalışıyor http://localhost:1111"}
{"level":"info","message":"Sunucu 1111 portunda çalışıyor http://localhost:1111"}
{"level":"info","message":"Sunucu 1111 portunda çalışıyor http://localhost:1111"}
{"level":"info","message":"Sunucu 1111 portunda çalışıyor http://localhost:1111"}
{"level":"info","message":"Sunucu 1111 portunda çalışıyor http://localhost:1111"}
{"level":"info","message":"Sunucu 1111 portunda çalışıyor http://localhost:1111"}
{"level":"info","message":"Sunucu 1111 portunda çalışıyor http://localhost:1111"}
{"level":"info","message":"Sunucu 1111 portunda çalışıyor http://localhost:1111"}
{"level":"info","message":"Sunucu 1111 portunda çalışıyor http://localhost:1111"}
{"level":"info","message":"Sunucu 1111 portunda çalışıyor http://localhost:1111"}
{"level":"info","message":"Sunucu 1111 portunda çalışıyor http://localhost:1111"}
{"level":"info","message":"Sunucu 1111 portunda çalışıyor http://localhost:1111"}
{"level":"info","message":"Sunucu 1111 portunda çalışıyor http://localhost:1111"}
{"level":"info","message":"Sunucu 1111 portunda çalışıyor http://localhost:1111"}
{"level":"info","message":"Sunucu 1111 portunda çalışıyor http://localhost:1111"}
{"level":"info","message":"Sunucu 1111 portunda çalışıyor http://localhost:1111"}
{"level":"info","message":{"_csrf":"pFBj6Tbj-2AEELERAoeremoO4XRRPYpoJoBE","author":"Yunus Emre Tosun","content":"Deneme","header":"Blog 1 ","tags":"blog, deneme, test"}}
{"level":"info","message":"Dolu gövde alındı."}
{"level":"info","message":"Sunucu 1111 portunda çalışıyor http://localhost:1111"}
{"level":"info","message":"Sunucu 1111 portunda çalışıyor http://localhost:1111"}
{"level":"info","message":"Sunucu 1111 portunda çalışıyor http://localhost:1111"}
{"level":"info","message":{"_csrf":"IxZYFEe5-Sak6uJ8iZBJodSMAw5XX0b6Se7M","author":"afa","content":"fafa","header":"blog","tags":"afa"}}
{"level":"info","message":"Dolu gövde alındı."}
{"level":"info","message":{"_csrf":"IxZYFEe5-Sak6uJ8iZBJodSMAw5XX0b6Se7M","author":"afa","content":"fafa","header":"blog","tags":"afa"}}
{"level":"info","message":"Dolu gövde alındı."}
{"level":"info","message":{"_csrf":"IxZYFEe5-Sak6uJ8iZBJodSMAw5XX0b6Se7M","author":"afa","content":"fafa","header":"blog","tags":"afa"}}
{"level":"info","message":"Dolu gövde alındı."}
{"level":"info","message":"Sunucu 1111 portunda çalışıyor http://localhost:1111"}
{"level":"info","message":{"_csrf":"NBRrW9O1-PDdd3FybaPHE3JDOVshLDEoXRqU","author":"gdgdg","content":"gdgdgd","header":"gdg","tags":"gdgd"}}
{"level":"info","message":"Dolu gövde alındı."}
{"level":"info","message":{"_csrf":"NBRrW9O1-PDdd3FybaPHE3JDOVshLDEoXRqU","author":"gdgdg","content":"gdgdgd","header":"gdg","tags":"gdgd"}}
{"level":"info","message":"Dolu gövde alındı."}
{"level":"info","message":"Sunucu 1111 portunda çalışıyor http://localhost:1111"}
{"level":"info","message":{"_csrf":"HU8prDSF-LQp3wg3FR3NRcgddRsbXkOrVtHg","author":"wfwfw","content":"wfwfwf","header":"fewfewf","tags":"wfwf"}}
{"level":"info","message":"Dolu gövde alındı."}
{"author":"wfwfw","content":"wfwfwf","header":"fewfewf","level":"info","message":"Blog başarıyla kaydedildi:","tags":"wfwf"}
{"level":"info","message":{"_csrf":"HU8prDSF-LQp3wg3FR3NRcgddRsbXkOrVtHg","author":"gdgdgd","content":"gdgdgd","header":"gsgdg","tags":"dgdgd"}}
{"level":"info","message":"Dolu gövde alındı."}
{"author":"gdgdgd","content":"gdgdgd","header":"gsgdg","level":"info","message":"Blog başarıyla kaydedildi:","tags":"dgdgd"}
{"level":"info","message":"Sunucu 1111 portunda çalışıyor http://localhost:1111"}
{"level":"info","message":"Sunucu 1111 portunda çalışıyor http://localhost:1111"}
{"level":"info","message":"Sunucu 1111 portunda çalışıyor http://localhost:1111"}
{"level":"info","message":{"_csrf":"HU8prDSF-LQp3wg3FR3NRcgddRsbXkOrVtHg","author":"fsfs","content":"fsfs","header":"ds","tags":"fsfs"}}
{"level":"info","message":"Dolu gövde alındı."}
{"level":"info","message":"Sunucu 1111 portunda çalışıyor http://localhost:1111"}
{"level":"info","message":{"_csrf":"0h0GQNyu-7SSsetg_IvYaNcHkTlv90m7BXi0","author":"fsfs","content":"fsfsfs","header":"fsfsfs","tags":"fsfs"}}
{"level":"info","message":"Dolu gövde alındı."}
{"author":"fsfs","content":"fsfsfs","header":"fsfsfs","level":"info","message":"Blog başarıyla kaydedildi:","tags":"fsfs"}
{"level":"info","message":"Sunucu 1111 portunda çalışıyor http://localhost:1111"}
{"level":"info","message":"Sunucu 1111 portunda çalışıyor http://localhost:1111"}
{"level":"info","message":{"_csrf":"0h0GQNyu-7SSsetg_IvYaNcHkTlv90m7BXi0","author":"sgsg","content":"gsgsg","header":"gsgs","tags":"sgs"}}
{"level":"info","message":"Dolu gövde alındı."}
{"author":"sgsg","content":"gsgsg","header":"gsgs","level":"info","message":"Blog başarıyla kaydedildi:","tags":"sgs"}
{"level":"info","message":"Sunucu 1111 portunda çalışıyor http://localhost:1111"}
{"level":"info","message":"Sunucu 1111 portunda çalışıyor http://localhost:1111"}
{"level":"info","message":"Sunucu 1111 portunda çalışıyor http://localhost:1111"}
{"level":"info","message":"Sunucu 1111 portunda çalışıyor http://localhost:1111"}
{"level":"info","message":"Sunucu 1111 portunda çalışıyor http://localhost:1111"}
{"level":"info","message":"Sunucu 1111 portunda çalışıyor http://localhost:1111"}
{"level":"info","message":"Sunucu 1111 portunda çalışıyor http://localhost:1111"}
{"level":"info","message":"Sunucu 1111 portunda çalışıyor http://localhost:1111"}
{"level":"info","message":"Sunucu 1111 portunda çalışıyor http://localhost:1111"}
{"level":"info","message":"Sunucu 1111 portunda çalışıyor http://localhost:1111"}
{"level":"info","message":"Sunucu 1111 portunda çalışıyor http://localhost:1111"}
{"level":"info","message":"Sunucu 1111 portunda çalışıyor http://localhost:1111"}
{"level":"info","message":"Sunucu 1111 portunda çalışıyor http://localhost:1111"}
{"level":"info","message":"Sunucu 1111 portunda çalışıyor http://localhost:1111"}
{"level":"info","message":"Sunucu 1111 portunda çalışıyor http://localhost:1111"}
{"level":"info","message":"Sunucu 1111 portunda çalışıyor http://localhost:1111"}
{"level":"info","message":"Sunucu 1111 portunda çalışıyor http://localhost:1111"}
{"level":"info","message":"Sunucu 1111 portunda çalışıyor http://localhost:1111"}
{"level":"info","message":"Sunucu 1111 portunda çalışıyor http://localhost:1111"}
{"level":"info","message":"Sunucu 1111 portunda çalışıyor http://localhost:1111"}
{"level":"info","message":"Sunucu 1111 portunda çalışıyor http://localhost:1111"}
{"level":"info","message":"Sunucu 1111 portunda çalışıyor http://localhost:1111"}
{"level":"info","message":"Sunucu 1111 portunda çalışıyor http://localhost:1111"}
{"level":"info","message":"Sunucu 1111 portunda çalışıyor http://localhost:1111"}
{"level":"info","message":"Sunucu 1111 portunda çalışıyor http://localhost:1111"}
{"level":"info","message":"Sunucu 1111 portunda çalışıyor http://localhost:1111"}
{"level":"info","message":"Sunucu 1111 portunda çalışıyor http://localhost:1111"}
{"level":"info","message":"Sunucu 1111 portunda çalışıyor http://localhost:1111"}
{"level":"info","message":"Sunucu 1111 portunda çalışıyor http://localhost:1111"}
{"level":"info","message":"Sunucu 1111 portunda çalışıyor http://localhost:1111"}
{"level":"info","message":"Sunucu 1111 portunda çalışıyor http://localhost:1111"}
{"level":"info","message":"Sunucu 1111 portunda çalışıyor http://localhost:1111"}
{"level":"info","message":"Sunucu 1111 portunda çalışıyor http://localhost:1111"}
{"level":"info","message":"Sunucu 1111 portunda çalışıyor http://localhost:1111"}
{"level":"info","message":"Sunucu 1111 portunda çalışıyor http://localhost:1111"}
{"level":"info","message":"Sunucu 1111 portunda çalışıyor http://localhost:1111"}
{"level":"info","message":"Sunucu 1111 portunda çalışıyor http://localhost:1111"}
{"level":"info","message":"Sunucu 1111 portunda çalışıyor http://localhost:1111"}
{"level":"info","message":"Sunucu 1111 portunda çalışıyor http://localhost:1111"}
{"level":"info","message":"Sunucu 1111 portunda çalışıyor http://localhost:1111"}
{"level":"info","message":"Sunucu 1111 portunda çalışıyor http://localhost:1111"}
{"level":"info","message":"Sunucu 1111 portunda çalışıyor http://localhost:1111"}
{"level":"info","message":"Sunucu 1111 portunda çalışıyor http://localhost:1111"}
{"level":"info","message":"Sunucu 1111 portunda çalışıyor http://localhost:1111"}
{"level":"info","message":"Sunucu 1111 portunda çalışıyor http://localhost:1111"}
{"level":"info","message":"Sunucu 1111 portunda çalışıyor http://localhost:1111"}
{"level":"info","message":"Sunucu 1111 portunda çalışıyor http://localhost:1111"}
{"level":"info","message":"Sunucu 1111 portunda çalışıyor http://localhost:1111"}
{"level":"info","message":"Sunucu 1111 portunda çalışıyor http://localhost:1111"}
{"level":"info","message":"Sunucu 1111 portunda çalışıyor http://localhost:1111"}
{"level":"info","message":"Sunucu 1111 portunda çalışıyor http://localhost:1111"}
{"level":"info","message":"Sunucu 1111 portunda çalışıyor http://localhost:1111"}
{"level":"info","message":"Sunucu 1111 portunda çalışıyor http://localhost:1111"}
{"level":"info","message":"Sunucu 1111 portunda çalışıyor http://localhost:1111"}
{"level":"info","message":"Sunucu 1111 portunda çalışıyor http://localhost:1111"}
{"level":"info","message":"Sunucu 1111 portunda çalışıyor http://localhost:1111"}
{"level":"info","message":"Sunucu 1111 portunda çalışıyor http://localhost:1111"}
{"level":"info","message":"Sunucu 1111 portunda çalışıyor http://localhost:1111"}
{"level":"info","message":"Sunucu 1111 portunda çalışıyor http://localhost:1111"}
{"level":"info","message":"Sunucu 1111 portunda çalışıyor http://localhost:1111"}
{"level":"info","message":"Sunucu 1111 portunda çalışıyor http://localhost:1111"}
{"level":"info","message":"Sunucu 1111 portunda çalışıyor http://localhost:1111"}
{"level":"info","message":"Sunucu 1111 portunda çalışıyor http://localhost:1111"}
{"level":"info","message":"Sunucu 1111 portunda çalışıyor http://localhost:1111"}
{"level":"info","message":"Sunucu 1111 portunda çalışıyor http://localhost:1111"}
{"level":"info","message":"Sunucu 1111 portunda çalışıyor http://localhost:1111"}
{"level":"info","message":"Sunucu 1111 portunda çalışıyor http://localhost:1111"}
{"level":"info","message":"Sunucu 1111 portunda çalışıyor http://localhost:1111"}
{"level":"info","message":"Sunucu 1111 portunda çalışıyor http://localhost:1111"}
{"level":"info","message":"Sunucu 1111 portunda çalışıyor http://localhost:1111"}
{"level":"info","message":"Sunucu 1111 portunda çalışıyor http://localhost:1111"}
{"level":"info","message":"Sunucu 1111 portunda çalışıyor http://localhost:1111"}
{"level":"info","message":"Sunucu 1111 portunda çalışıyor http://localhost:1111"}
{"level":"info","message":"Sunucu 1111 portunda çalışıyor http://localhost:1111"}
{"level":"info","message":"Sunucu 1111 portunda çalışıyor http://localhost:1111"}
{"level":"info","message":"Sunucu 1111 portunda çalışıyor http://localhost:1111"}
{"level":"info","message":"Sunucu 1111 portunda çalışıyor http://localhost:1111"}
{"level":"info","message":"Sunucu 1111 portunda çalışıyor http://localhost:1111"}
{"level":"info","message":"Sunucu 1111 portunda çalışıyor http://localhost:1111"}
{"level":"info","message":"Sunucu 1111 portunda çalışıyor http://localhost:1111"}
{"level":"info","message":"Sunucu 1111 portunda çalışıyor http://localhost:1111"}
{"level":"info","message":"Sunucu 1111 portunda çalışıyor http://localhost:1111"}
{"level":"info","message":"Sunucu 1111 portunda çalışıyor http://localhost:1111"}
{"level":"info","message":"Sunucu 1111 portunda çalışıyor http://localhost:1111"}
{"level":"info","message":"Sunucu 1111 portunda çalışıyor http://localhost:1111"}
{"level":"info","message":"Sunucu 1111 portunda çalışıyor http://localhost:1111"}
{"level":"info","message":"Sunucu 1111 portunda çalışıyor http://localhost:1111"}
{"level":"info","message":"Sunucu 1111 portunda çalışıyor http://localhost:1111"}
{"level":"info","message":"Sunucu 1111 portunda çalışıyor http://localhost:1111"}
{"level":"info","message":"Sunucu 1111 portunda çalışıyor http://localhost:1111"}
{"level":"info","message":"Sunucu 1111 portunda çalışıyor http://localhost:1111"}
{"level":"info","message":"Sunucu 1111 portunda çalışıyor http://localhost:1111"}
{"level":"info","message":"Sunucu 1111 portunda çalışıyor http://localhost:1111"}
{"level":"info","message":"Sunucu 1111 portunda çalışıyor http://localhost:1111"}
{"level":"info","message":"Sunucu 1111 portunda çalışıyor http://localhost:1111"}
{"level":"info","message":"Sunucu 1111 portunda çalışıyor http://localhost:1111"}
{"level":"info","message":{"_csrf":"mK3Eu9nC-Gr6Pi1IFHDwUlqpwuUr0LkjAmNc","author":"Yunus Emre Tosun","content":"123","header":"Blog 1 ","tags":"131"}}
{"level":"info","message":"Dolu gövde alındı."}
{"author":"Yunus Emre Tosun","content":"123","header":"Blog 1 ","level":"info","message":"Blog başarıyla kaydedildi:","tags":"131"}
{"level":"info","message":"Sunucu 1111 portunda çalışıyor http://localhost:1111"}
{"level":"info","message":{"_csrf":"mK3Eu9nC-Gr6Pi1IFHDwUlqpwuUr0LkjAmNc","author":"1231","content":"123","header":"Blog 1 ","tags":"13"}}
{"level":"info","message":"Dolu gövde alındı."}
{"author":"1231","content":"123","header":"Blog 1 ","level":"info","message":"Blog başarıyla kaydedildi:","tags":"13"}
{"level":"info","message":{"_csrf":"BNQsmN55-QopEIKUdG3YZvY-HPI1rd7E5YWM","author":"131","content":"1313","header":"Blog 1 ","tags":"1313"}}
{"level":"info","message":"Dolu gövde alındı."}
{"author":"131","content":"1313","header":"Blog 1 ","level":"info","message":"Blog başarıyla kaydedildi:","tags":"1313"}
{"level":"info","message":"Sunucu 1111 portunda çalışıyor http://localhost:1111"}
{"level":"info","message":{"_csrf":"ZoEYcsBJ-I5Tf1zVIR5sQG8MyWtZ0V9l4bhM","author":"3131","content":"131","header":"Blog 1 ","tags":"13131"}}
{"level":"info","message":"Dolu gövde alındı."}
{"author":"3131","content":"131","header":"Blog 1 ","level":"info","message":"Blog başarıyla kaydedildi:","tags":"13131"}
{"level":"info","message":"Sunucu 1111 portunda çalışıyor http://localhost:1111"}
{"level":"info","message":{"_csrf":"FjZc6muO-2qmJb5SgxYc-cSdE5VgkjSIcPJs","author":"131313","content":"13131","header":"Blog 1 ","tags":"13131"}}
{"level":"info","message":"Dolu gövde alındı."}
{"author":"131313","content":"13131","header":"Blog 1 ","level":"info","message":"Blog başarıyla kaydedildi:","tags":"13131"}
{"level":"info","message":"Sunucu 1111 portunda çalışıyor http://localhost:1111"}
{"level":"info","message":{"_csrf":"dcNOYkx2-4JD7SPKzSKpPtKOhPc97OQpEamQ","author":"1313","content":"213","header":"Blog 1 1","tags":"1313"}}
{"level":"info","message":"Dolu gövde alındı."}
{"author":"1313","content":"213","header":"Blog 1 1","level":"info","message":"Blog başarıyla kaydedildi:","tags":"1313"}
{"level":"info","message":"Sunucu 1111 portunda çalışıyor http://localhost:1111"}
{"level":"info","message":{"_csrf":"f0Xi9cO1-ITZS2wzthsY4D7015Ihy-4wKduw","author":"123","content":"123","header":"Blog 1 ","tags":"123"}}
{"level":"info","message":"Dolu gövde alındı."}
{"author":"123","content":"123","header":"Blog 1 ","level":"info","message":"Blog başarıyla kaydedildi:","tags":"123"}
{"level":"info","message":"Sunucu 1111 portunda çalışıyor http://localhost:1111"}
{"level":"info","message":"Sunucu 1111 portunda çalışıyor http://localhost:1111"}
{"level":"info","message":{"_csrf":"S5iIWALg-crzyXw3U3V15pWiY_DshXYZZ63g","author":"123","content":"123","header":"Blog 1 ","tags":"123"}}
{"level":"info","message":"Dolu gövde alındı."}
{"author":"123","content":"123","header":"Blog 1 ","level":"info","message":"Blog başarıyla kaydedildi:","tags":"123"}
{"level":"info","message":"Sunucu 1111 portunda çalışıyor http://localhost:1111"}
{"level":"info","message":"Sunucu 1111 portunda çalışıyor http://localhost:1111"}
{"level":"info","message":"Sunucu 1111 portunda çalışıyor http://localhost:1111"}
{"level":"info","message":"Sunucu 1111 portunda çalışıyor http://localhost:1111"}
{"level":"info","message":"Sunucu 1111 portunda çalışıyor http://localhost:1111"}
{"level":"info","message":"Sunucu 1111 portunda çalışıyor http://localhost:1111"}
{"level":"info","message":"Sunucu 1111 portunda çalışıyor http://localhost:1111"}
{"level":"info","message":"Sunucu 1111 portunda çalışıyor http://localhost:1111"}
{"level":"info","message":"Sunucu 1111 portunda çalışıyor http://localhost:1111"}
{"level":"info","message":"Sunucu 1111 portunda çalışıyor http://localhost:1111"}
{"level":"info","message":"Sunucu 1111 portunda çalışıyor http://localhost:1111"}
{"level":"info","message":"Sunucu 1111 portunda çalışıyor http://localhost:1111"}
{"level":"info","message":"Sunucu 1111 portunda çalışıyor http://localhost:1111"}
{"level":"info","message":"Sunucu 1111 portunda çalışıyor http://localhost:1111"}
{"level":"info","message":"Sunucu 1111 portunda çalışıyor http://localhost:1111"}
{"level":"info","message":"Sunucu 1111 portunda çalışıyor http://localhost:1111"}
{"level":"info","message":"Sunucu 1111 portunda çalışıyor http://localhost:1111"}
{"level":"info","message":"Sunucu 1111 portunda çalışıyor http://localhost:1111"}
{"level":"info","message":"Sunucu 1111 portunda çalışıyor http://localhost:1111"}
{"level":"info","message":"Sunucu 1111 portunda çalışıyor http://localhost:1111"}
{"level":"info","message":"Sunucu 1111 portunda çalışıyor http://localhost:1111"}
{"level":"info","message":"Sunucu 1111 portunda çalışıyor http://localhost:1111"}
{"level":"info","message":"Sunucu 1111 portunda çalışıyor http://localhost:1111"}
{"level":"info","message":"Sunucu 1111 portunda çalışıyor http://localhost:1111"}
{"level":"info","message":"Sunucu 1111 portunda çalışıyor http://localhost:1111"}
{"level":"info","message":"Sunucu 1111 portunda çalışıyor http://localhost:1111"}
{"level":"info","message":"Sunucu 1111 portunda çalışıyor http://localhost:1111"}
{"level":"info","message":"Sunucu 1111 portunda çalışıyor http://localhost:1111"}
{"level":"info","message":"Sunucu 1111 portunda çalışıyor http://localhost:1111"}
{"level":"info","message":"Sunucu 1111 portunda çalışıyor http://localhost:1111"}
{"level":"info","message":"Sunucu 1111 portunda çalışıyor http://localhost:1111"}
{"level":"info","message":"Sunucu 1111 portunda çalışıyor http://localhost:1111"}
{"level":"info","message":"Sunucu 1111 portunda çalışıyor http://localhost:1111"}
{"level":"info","message":"Sunucu 1111 portunda çalışıyor http://localhost:1111"}
{"level":"info","message":"Sunucu 1111 portunda çalışıyor http://localhost:1111"}
{"level":"info","message":"Sunucu 1111 portunda çalışıyor http://localhost:1111"}
{"level":"info","message":"Sunucu 1111 portunda çalışıyor http://localhost:1111"}
{"level":"info","message":"Sunucu 1111 portunda çalışıyor http://localhost:1111"}
{"level":"info","message":"Sunucu 1111 portunda çalışıyor http://localhost:1111"}
{"level":"info","message":"Sunucu 1111 portunda çalışıyor http://localhost:1111"}
{"level":"info","message":"Sunucu 1111 portunda çalışıyor http://localhost:1111"}
{"level":"info","message":"Sunucu 1111 portunda çalışıyor http://localhost:1111"}
{"level":"info","message":"Sunucu 1111 portunda çalışıyor http://localhost:1111"}
{"level":"info","message":"Sunucu 1111 portunda çalışıyor http://localhost:1111"}
{"level":"info","message":"Sunucu 1111 portunda çalışıyor http://localhost:1111"}
{"level":"info","message":"Sunucu 1111 portunda çalışıyor http://localhost:1111"}
{"level":"info","message":"Sunucu 1111 portunda çalışıyor http://localhost:1111"}
{"level":"info","message":"Sunucu 1111 portunda çalışıyor http://localhost:1111"}
{"level":"info","message":"Sunucu 1111 portunda çalışıyor http://localhost:1111"}
{"level":"info","message":"Sunucu 1111 portunda çalışıyor http://localhost:1111"}
{"level":"info","message":"Sunucu 1111 portunda çalışıyor http://localhost:1111"}
{"level":"info","message":"Sunucu 1111 portunda çalışıyor http://localhost:1111"}
{"level":"info","message":"Sunucu 1111 portunda çalışıyor http://localhost:1111"}
{"level":"info","message":"Sunucu 1111 portunda çalışıyor http://localhost:1111"}
{"level":"info","message":"Sunucu 1111 portunda çalışıyor http://localhost:1111"}
{"level":"info","message":"Sunucu 1111 portunda çalışıyor http://localhost:1111"}
{"level":"info","message":"Sunucu 1111 portunda çalışıyor http://localhost:1111"}
{"level":"info","message":"Sunucu 1111 portunda çalışıyor http://localhost:1111"}
{"level":"info","message":"Sunucu 1111 portunda çalışıyor http://localhost:1111"}
{"level":"info","message":"Sunucu 1111 portunda çalışıyor http://localhost:1111"}
{"level":"info","message":"Sunucu 1111 portunda çalışıyor http://localhost:1111"}
{"level":"info","message":"Sunucu 1111 portunda çalışıyor http://localhost:1111"}
{"level":"info","message":"Sunucu 1111 portunda çalışıyor http://localhost:1111"}
{"level":"info","message":"Sunucu 1111 portunda çalışıyor http://localhost:1111"}
{"level":"info","message":"Sunucu 1111 portunda çalışıyor http://localhost:1111"}
{"level":"info","message":"Sunucu 1111 portunda çalışıyor http://localhost:1111"}
{"level":"info","message":"Sunucu 1111 portunda çalışıyor http://localhost:1111"}
{"level":"info","message":"Sunucu 1111 portunda çalışıyor http://localhost:1111"}
{"level":"info","message":"Sunucu 1111 portunda çalışıyor http://localhost:1111"}
{"level":"info","message":"Sunucu 1111 portunda çalışıyor http://localhost:1111"}
{"level":"info","message":"Sunucu 1111 portunda çalışıyor http://localhost:1111"}
{"level":"info","message":"Sunucu 1111 portunda çalışıyor http://localhost:1111"}
{"level":"info","message":"Sunucu 1111 portunda çalışıyor http://localhost:1111"}
{"level":"info","message":"Sunucu 1111 portunda çalışıyor http://localhost:1111"}
{"level":"info","message":"Sunucu 1111 portunda çalışıyor http://localhost:1111"}
{"level":"info","message":"Sunucu 1111 portunda çalışıyor http://localhost:1111"}
{"level":"info","message":"Sunucu 1111 portunda çalışıyor http://localhost:1111"}
{"level":"info","message":"Sunucu 1111 portunda çalışıyor http://localhost:1111"}
{"level":"info","message":"Sunucu 1111 portunda çalışıyor http://localhost:1111"}
{"level":"info","message":"Sunucu 1111 portunda çalışıyor http://localhost:1111"}
{"level":"info","message":"Sunucu 1111 portunda çalışıyor http://localhost:1111"}
{"level":"info","message":"Sunucu 1111 portunda çalışıyor http://localhost:1111"}
{"level":"info","message":"Sunucu 1111 portunda çalışıyor http://localhost:1111"}
{"level":"info","message":"Sunucu 1111 portunda çalışıyor http://localhost:1111"}
{"level":"info","message":"Sunucu 1111 portunda çalışıyor http://localhost:1111"}
{"level":"info","message":"Sunucu 1111 portunda çalışıyor http://localhost:1111"}
{"level":"info","message":"Sunucu 1111 portunda çalışıyor http://localhost:1111"}
{"level":"info","message":"Sunucu 1111 portunda çalışıyor http://localhost:1111"}
{"level":"info","message":"Sunucu 1111 portunda çalışıyor http://localhost:1111"}
{"level":"info","message":"Sunucu 1111 portunda çalışıyor http://localhost:1111"}
{"level":"info","message":"Sunucu 1111 portunda çalışıyor http://localhost:1111"}
{"level":"info","message":"Sunucu 1111 portunda çalışıyor http://localhost:1111"}
{"level":"info","message":"Sunucu 1111 portunda çalışıyor http://localhost:1111"}
{"level":"info","message":"Sunucu 1111 portunda çalışıyor http://localhost:1111"}
{"level":"info","message":"Sunucu 1111 portunda çalışıyor http://localhost:1111"}
{"level":"info","message":"Sunucu 1111 portunda çalışıyor http://localhost:1111"}
{"level":"info","message":"Sunucu 1111 portunda çalışıyor http://localhost:1111"}
{"level":"info","message":"Sunucu 1111 portunda çalışıyor http://localhost:1111"}
{"level":"info","message":"Sunucu 1111 portunda çalışıyor http://localhost:1111"}
{"level":"info","message":"Sunucu 1111 portunda çalışıyor http://localhost:1111"}
{"level":"info","message":"Sunucu 1111 portunda çalışıyor http://localhost:1111"}
{"level":"info","message":"Sunucu 1111 portunda çalışıyor http://localhost:1111"}
{"level":"info","message":"Sunucu 1111 portunda çalışıyor http://localhost:1111"}
{"level":"info","message":"Sunucu 1111 portunda çalışıyor http://localhost:1111"}
{"level":"info","message":"Sunucu 1111 portunda çalışıyor http://localhost:1111"}
{"level":"info","message":"Sunucu 1111 portunda çalışıyor http://localhost:1111"}
{"level":"info","message":"Sunucu 1111 portunda çalışıyor http://localhost:1111"}
{"level":"info","message":"Sunucu 1111 portunda çalışıyor http://localhost:1111"}
{"level":"info","message":"Sunucu 1111 portunda çalışıyor http://localhost:1111"}
{"level":"info","message":"Sunucu 1111 portunda çalışıyor http://localhost:1111"}
{"level":"info","message":"Sunucu 1111 portunda çalışıyor http://localhost:1111"}
{"level":"info","message":"Sunucu 1111 portunda çalışıyor http://localhost:1111"}
{"level":"info","message":"Sunucu 1111 portunda çalışıyor http://localhost:1111"}
{"level":"info","message":"Sunucu 1111 portunda çalışıyor http://localhost:1111"}
{"level":"info","message":"Sunucu 1111 portunda çalışıyor http://localhost:1111"}
{"level":"info","message":"Sunucu 1111 portunda çalışıyor http://localhost:1111"}
{"level":"info","message":"Sunucu 1111 portunda çalışıyor http://localhost:1111"}
{"level":"info","message":"Sunucu 1111 portunda çalışıyor http://localhost:1111"}
{"level":"info","message":"Sunucu 1111 portunda çalışıyor http://localhost:1111"}
{"level":"info","message":"Sunucu 1111 portunda çalışıyor http://localhost:1111"}
{"level":"info","message":"Sunucu 1111 portunda çalışıyor http://localhost:1111"}
{"level":"info","message":"Sunucu 1111 portunda çalışıyor http://localhost:1111"}
{"level":"info","message":"Sunucu 1111 portunda çalışıyor http://localhost:1111"}
{"level":"info","message":"Sunucu 1111 portunda çalışıyor http://localhost:1111"}
{"level":"info","message":"Sunucu 1111 portunda çalışıyor http://localhost:1111"}
{"level":"info","message":"Sunucu 1111 portunda çalışıyor http://localhost:1111"}
{"level":"info","message":"Sunucu 1111 portunda çalışıyor http://localhost:1111"}
{"level":"info","message":"Sunucu 1111 portunda çalışıyor http://localhost:1111"}
{"level":"info","message":"Sunucu 1111 portunda çalışıyor http://localhost:1111"}
{"level":"info","message":"Sunucu 1111 portunda çalışıyor http://localhost:1111"}
{"level":"info","message":"Sunucu 1111 portunda çalışıyor http://localhost:1111"}
{"level":"info","message":"Sunucu 1111 portunda çalışıyor http://localhost:1111"}
{"level":"info","message":"Sunucu 1111 portunda çalışıyor http://localhost:1111"}
{"level":"info","message":"Sunucu 1111 portunda çalışıyor http://localhost:1111"}
{"level":"info","message":"Sunucu 1111 portunda çalışıyor http://localhost:1111"}
{"level":"info","message":"Sunucu 1111 portunda çalışıyor http://localhost:1111"}
{"level":"info","message":"Sunucu 1111 portunda çalışıyor http://localhost:1111"}
{"level":"info","message":"Sunucu 1111 portunda çalışıyor http://localhost:1111"}
{"level":"info","message":"Sunucu 1111 portunda çalışıyor http://localhost:1111"}
{"level":"info","message":"Sunucu 1111 portunda çalışıyor http://localhost:1111"}
{"level":"info","message":"Sunucu 1111 portunda çalışıyor http://localhost:1111"}
{"level":"info","message":"Sunucu 1111 portunda çalışıyor http://localhost:1111"}
{"level":"info","message":"Sunucu 1111 portunda çalışıyor http://localhost:1111"}
{"level":"info","message":"Sunucu 1111 portunda çalışıyor http://localhost:1111"}
{"level":"info","message":"Sunucu 1111 portunda çalışıyor http://localhost:1111"}
{"level":"info","message":"Sunucu 1111 portunda çalışıyor http://localhost:1111"}
{"level":"info","message":"Sunucu 1111 portunda çalışıyor http://localhost:1111"}
{"level":"info","message":"Sunucu 1111 portunda çalışıyor http://localhost:1111"}
{"level":"info","message":"Sunucu 1111 portunda çalışıyor http://localhost:1111"}
{"level":"info","message":"Sunucu 1111 portunda çalışıyor http://localhost:1111"}
{"level":"info","message":"Sunucu 1111 portunda çalışıyor http://localhost:1111"}
{"level":"info","message":"Sunucu 1111 portunda çalışıyor http://localhost:1111"}
{"level":"info","message":"Sunucu 1111 portunda çalışıyor http://localhost:1111"}
{"level":"info","message":"Sunucu 1111 portunda çalışıyor http://localhost:1111"}
{"level":"info","message":"Sunucu 1111 portunda çalışıyor http://localhost:1111"}
{"level":"info","message":"Sunucu 1111 portunda çalışıyor http://localhost:1111"}
{"level":"info","message":"Sunucu 1111 portunda çalışıyor http://localhost:1111"}
{"level":"info","message":"Sunucu 1111 portunda çalışıyor http://localhost:1111"}
{"level":"info","message":"Sunucu 1111 portunda çalışıyor http://localhost:1111"}
{"level":"info","message":"Sunucu 1111 portunda çalışıyor http://localhost:1111"}
{"level":"info","message":"Sunucu 1111 portunda çalışıyor http://localhost:1111"}
{"level":"info","message":"Sunucu 1111 portunda çalışıyor http://localhost:1111"}
{"level":"info","message":"Sunucu 1111 portunda çalışıyor http://localhost:1111"}
{"level":"info","message":"Sunucu 1111 portunda çalışıyor http://localhost:1111"}
{"level":"info","message":"Sunucu 1111 portunda çalışıyor http://localhost:1111"}
{"level":"info","message":"Sunucu 1111 portunda çalışıyor http://localhost:1111"}
{"level":"info","message":"Sunucu 1111 portunda çalışıyor http://localhost:1111"}
{"level":"info","message":"Sunucu 1111 portunda çalışıyor http://localhost:1111"}
{"level":"info","message":"Sunucu 1111 portunda çalışıyor http://localhost:1111"}
{"level":"info","message":"Sunucu 1111 portunda çalışıyor http://localhost:1111"}
{"level":"info","message":"Sunucu 1111 portunda çalışıyor http://localhost:1111"}
{"level":"info","message":"Sunucu 1111 portunda çalışıyor http://localhost:1111"}
{"level":"info","message":"Sunucu 1111 portunda çalışıyor http://localhost:1111"}
{"level":"info","message":"Sunucu 1111 portunda çalışıyor http://localhost:1111"}
{"level":"info","message":"Sunucu 1111 portunda çalışıyor http://localhost:1111"}
{"level":"info","message":"Sunucu 1111 portunda çalışıyor http://localhost:1111"}
{"level":"info","message":"Sunucu 1111 portunda çalışıyor http://localhost:1111"}
{"level":"info","message":"Sunucu 1111 portunda çalışıyor http://localhost:1111"}
{"level":"info","message":"Sunucu 1111 portunda çalışıyor http://localhost:1111"}
{"level":"info","message":"Sunucu 1111 portunda çalışıyor http://localhost:1111"}
{"level":"info","message":"Sunucu 1111 portunda çalışıyor http://localhost:1111"}
{"level":"info","message":"Sunucu 1111 portunda çalışıyor http://localhost:1111"}
{"level":"info","message":"Sunucu 1111 portunda çalışıyor http://localhost:1111"}
{"level":"info","message":"Sunucu 1111 portunda çalışıyor http://localhost:1111"}
{"level":"info","message":"Sunucu 1111 portunda çalışıyor http://localhost:1111"}
{"level":"info","message":"Sunucu 1111 portunda çalışıyor http://localhost:1111"}
{"level":"info","message":"Sunucu 1111 portunda çalışıyor http://localhost:1111"}
{"level":"info","message":"Sunucu 1111 portunda çalışıyor http://localhost:1111"}
{"level":"info","message":"Sunucu 1111 portunda çalışıyor http://localhost:1111"}
{"level":"info","message":"Sunucu 1111 portunda çalışıyor http://localhost:1111"}
{"level":"info","message":"Sunucu 1111 portunda çalışıyor http://localhost:1111"}
{"level":"info","message":"Sunucu 1111 portunda çalışıyor http://localhost:1111"}
{"level":"info","message":"Sunucu 1111 portunda çalışıyor http://localhost:1111"}
{"level":"info","message":"Sunucu 1111 portunda çalışıyor http://localhost:1111"}
{"level":"info","message":"Sunucu 1111 portunda çalışıyor http://localhost:1111"}
{"level":"info","message":"Sunucu 1111 portunda çalışıyor http://localhost:1111"}
{"level":"info","message":"Sunucu 1111 portunda çalışıyor http://localhost:1111"}
{"level":"info","message":"Sunucu 1111 portunda çalışıyor http://localhost:1111"}
{"level":"info","message":"Sunucu 1111 portunda çalışıyor http://localhost:1111"}
{"level":"info","message":"Sunucu 1111 portunda çalışıyor http://localhost:1111"}
{"level":"info","message":"Sunucu 1111 portunda çalışıyor http://localhost:1111"}
{"level":"info","message":"Sunucu 1111 portunda çalışıyor http://localhost:1111"}
{"level":"info","message":"Sunucu 1111 portunda çalışıyor http://localhost:1111"}
{"level":"info","message":"Sunucu 1111 portunda çalışıyor http://localhost:1111"}
{"level":"info","message":"Sunucu 1111 portunda çalışıyor http://localhost:1111"}
{"level":"info","message":"Sunucu 1111 portunda çalışıyor http://localhost:1111"}
{"level":"info","message":"Sunucu 1111 portunda çalışıyor http://localhost:1111"}
{"level":"info","message":"Sunucu 1111 portunda çalışıyor http://localhost:1111"}
{"level":"info","message":"Sunucu 1111 portunda çalışıyor http://localhost:1111"}
{"level":"info","message":"Sunucu 1111 portunda çalışıyor http://localhost:1111"}
{"level":"info","message":"Sunucu 1111 portunda çalışıyor http://localhost:1111"}
{"level":"info","message":"Sunucu 1111 portunda çalışıyor http://localhost:1111"}
{"level":"info","message":"Sunucu 1111 portunda çalışıyor http://localhost:1111"}
{"level":"info","message":"Sunucu 1111 portunda çalışıyor http://localhost:1111"}
{"level":"info","message":"Sunucu 1111 portunda çalışıyor http://localhost:1111"}
{"level":"info","message":"Sunucu 1111 portunda çalışıyor http://localhost:1111"}
{"level":"info","message":"Sunucu 1111 portunda çalışıyor http://localhost:1111"}
{"level":"info","message":"Sunucu 1111 portunda çalışıyor http://localhost:1111"}
{"level":"info","message":"Sunucu 1111 portunda çalışıyor http://localhost:1111"}
{"level":"info","message":"Sunucu 1111 portunda çalışıyor http://localhost:1111"}
{"level":"info","message":"Sunucu 1111 portunda çalışıyor http://localhost:1111"}
{"level":"info","message":"Sunucu 1111 portunda çalışıyor http://localhost:1111"}
{"level":"info","message":"Sunucu 1111 portunda çalışıyor http://localhost:1111"}
{"level":"info","message":"Sunucu 1111 portunda çalışıyor http://localhost:1111"}
{"level":"info","message":"Sunucu 1111 portunda çalışıyor http://localhost:1111"}
{"level":"info","message":"Sunucu 1111 portunda çalışıyor http://localhost:1111"}
{"level":"info","message":"Sunucu 1111 portunda çalışıyor http://localhost:1111"}
{"level":"info","message":"Sunucu 1111 portunda çalışıyor http://localhost:1111"}
